Startfile from command line: watdimer_kauf5spd.com


       ***********************************************************
       *                    TeraChem vDEV                        *
       *                 Hg Version: 06bc10e10b74+               *
       *                   Development Version                   *
       *                Compiled without textures                *
       *           Chemistry at the Speed of Graphics!           *
       ***********************************************************
       * This program may only be used in connection with        *
       * a valid license from PetaChem, LLC. Use of this program *
       * or results thereof indicates acceptance of all terms    *
       * and conditions stated in the license and that a valid   *
       * license agreement between the user and PetaChem, LLC    *
       * exists. PetaChem, LLC does not warrant the correctness  *
       * of results or their suitability for any purpose.        *
       * Please email bugs, suggestions, and comments to         *
       *                  help@petachem.com                      *
       *                                                         *
       ***********************************************************


       ***********************************************************
       *  Compiled by hollas       Pá čen 16 21:57:52 CEST 2017  *
       *  Supported architectures: sm_35                         *
       *  Cuda compilation tools, release 6.0, V6.0.1            *
       ***********************************************************


 Job started   Thu Aug 30 11:47:59 2018
 On 403-a130a-9 (available memory: 13886 MB)

######################################### RUNTIME INFO ##########################################
/home/hollas/AUGER-RATES/TeraChemAuger/production/build/bin/terachem watdimer_kauf5spd.com 

NVRM version: NVIDIA UNIX x86_64 Kernel Module  340.102  Mon Jan 16 13:06:29 PST 2017
GCC version:  gcc version 4.8.4 (Ubuntu 4.8.4-2ubuntu1~14.04.3) 

	linux-vdso.so.1 =>  (0x00007fff787e4000)
	libintbox.so.1 => /home/hollas/AUGER-RATES/TeraChemAuger/production/build/lib/libintbox.so.1 (0x00002b24226af000)
	libthcbox.so.1 => /home/hollas/AUGER-RATES/TeraChemAuger/production/build/lib/libthcbox.so.1 (0x00002b2433eec000)
	libgridbox.so.1 => /home/hollas/AUGER-RATES/TeraChemAuger/production/build/lib/libgridbox.so.1 (0x00002b2435323000)
	libdftbox.so.1 => /home/hollas/AUGER-RATES/TeraChemAuger/production/build/lib/libdftbox.so.1 (0x00002b2435654000)
	libcuda.so.1 => /usr/lib/x86_64-linux-gnu/libcuda.so.1 (0x00002b2435a5b000)
	libcudart.so.6.0 => /home/hollas/AUGER-RATES/TeraChemAuger/production/build/lib/libcudart.so.6.0 (0x00002b24369cc000)
	libcublas.so.6.0 => /home/hollas/AUGER-RATES/TeraChemAuger/production/build/lib/libcublas.so.6.0 (0x00002b2436c1d000)
	libcufft.so.6.0 => /home/hollas/AUGER-RATES/TeraChemAuger/production/build/lib/libcufft.so.6.0 (0x00002b24385f5000)
	libm.so.6 => /lib/x86_64-linux-gnu/libm.so.6 (0x00002b243a822000)
	libcilkrts.so.5 => /home/hollas/AUGER-RATES/TeraChemAuger/production/build/lib/libcilkrts.so.5 (0x00002b243ab28000)
	libstdc++.so.6 => /usr/lib/x86_64-linux-gnu/libstdc++.so.6 (0x00002b243ad5d000)
	libgcc_s.so.1 => /lib/x86_64-linux-gnu/libgcc_s.so.1 (0x00002b243b061000)
	libpthread.so.0 => /lib/x86_64-linux-gnu/libpthread.so.0 (0x00002b243b277000)
	libc.so.6 => /lib/x86_64-linux-gnu/libc.so.6 (0x00002b243b495000)
	/lib64/ld-linux-x86-64.so.2 (0x00002b242248a000)
	libdl.so.2 => /lib/x86_64-linux-gnu/libdl.so.2 (0x00002b243b85e000)
	librt.so.1 => /lib/x86_64-linux-gnu/librt.so.1 (0x00002b243ba62000)
#################################################################################################

Scratch directory: scr-watdimer_kauf5spd
Random number seed: 1105176683

XYZ coordinates watdimer_mp2_631ppgss.xyz
Molden File Output: scr-watdimer_kauf5spd/watdimer_mp2_631ppgss.molden
Using basis set: cc-pvdz-kauf-5spd
Spin multiplicity: 1
DIIS will use up to 10 vectors.
WF convergence threshold: 1.00e-09
Using DIIS (in Converger class) to converge WF with ADIIS+DIIS as backup
ADIIS will switch to DIIS when the DIIS error drops below 1.00e-03
Maximum number of SCF iterations: 20
Incremental fock with rebuild every 8 iterations
Will switch to conventional Fock if diffuse functions are detected
X-matrix tolerance: 1.00e-05
PRECISION: MIXED
Single/Double precision threshold: 1.00e-03
DFT Functional requested: hf
Method: Hartree-Fock 
Wavefunction: RESTRICTED
Initial guess generated by maximum overlap

********************************************
***** SINGLE POINT ENERGY CALCULATIONS *****
********************************************

****  DH: 2e MO INTEGRAL DRIVER ON! ****
Threshold for printing integrals is 1.00000e-09
*************WARNING***************
Unrecognized or unnecessary keywords:
These are being ignored.
   print_mos yes
   mycode yes
***********************************

using 1 out of 2 CUDA devices
   Device 0:      GeForce GTX 780, 3071MB, CC 3.5 -- IDLE
   Device 1:      GeForce GTX 780,  3071MB, CC 3.5 -- CPU THREAD 0
-------------------------------------------------------------------
Compiled with MAGMA support.  MAGMA parameters:
    Matrices larger than 5000 square will be treated with MAGMA
       (Change by setting the MagmaMinN environment variable)
    Magma will use 1 out of 1 GPUs
       (Change by setting the MagmaNGPUs environment variable)
-------------------------------------------------------------------
 CPU Memory Available: 2005.75 MegaWords 
 GPU Memory Available: 127.98 MegaWords 
 Maximum recommended basis set size: 4000 basis functions
 (limited by GPU memory)
-------------------------------------------------------------------
Using d-functions. Configuring GPUs accordingly. 
0: CUBLAS initialized, available GPU memory: 1190MB

****** QM coordinates ******
O         0.0000076018        -0.0013437168         0.0001025213  
O        -0.0000593717        -0.0005750994         2.9132832391  
H         0.9101290576         0.0006839556        -0.3141117439  
H         0.0594249877        -0.0010514232         0.9684243063  
H        -0.4316080974         0.7637088730         3.3135539035  
H        -0.4129951781        -0.7737355892         3.3161227737  

Basis set:       cc-pvdz-kauf-5spd
Total atoms:     6
Total charge:    0
Total electrons: 20 (10-alpha, 10-beta)
Number electrons modeled by ECPs: 0
Total orbitals:  350
Total AO shells: 114 (44 S-shells; 38 P-shells; 32 D-shells; 0 F-shells; 0 G-shells)
Spin multiplicity: 1
Nuclear repulsion energy (QM atoms): 36.447756071662 a.u.

Entering computation of MO integrals.

************************************* WARNING *************************************
 59 out of 350 eigenvalues of the overlap matrix are smaller than xtol = 1.0e-05
 and will be flushed to zero. In many cases this is caused by bad geometry of the
 molecule or the use of diffuse basis functions. If the SCF procedure does not
 converge, increase the threshold by setting 'xtol' to 1.0e-04 or 1.0e-03 and/or
 decrease the coulomb and exchange integral screening thresholds 'threall' 
 up to 1.0e-21 or 1.0e-22. In addition, you can try to loosen the the WF 
 convergence threshold, perform several geometry optimization steps, and run the 
 calculations again with the new geometry. You can also try to switch to double
 precision instead of mixed (default) or single precision.
***********************************************************************************


                      *** Start SCF Iterations ***

 Iter     DIIS Error       Energy change    J    K   LA  DFT          Energy        Time(s)
---------------------------------------------------------------------------------------------
         >>> Purifying P... IDMP = 1.97e-07 <<<
         >>> Purifying P... IDMP = 1.78e-15 <<<
   1     0.3704408392    -150.9196342241  0.21 1.59 0.07 0.00    -150.9196342241     1.91  
   2     0.1188541279      -0.9715941385  0.18 1.87 0.06 0.00    -151.8912283625     2.12  
   3     0.0344082331      -0.1863876159  0.17 1.65 0.06 0.00    -152.0776159785     1.89  
   4     0.0068707122      -0.0173029996  0.16 1.38 0.07 0.00    -152.0949189780     1.61  
   5     0.0020805512      -0.0019898389  0.15 1.17 0.07 0.00    -152.0969088169     1.39  
   6     0.0007081754      -0.0001810002  0.14 1.11 0.07 0.00    -152.0970898171     1.32  
   7     0.0001873753      -0.0000175296  0.14 1.09 0.06 0.00    -152.0971073467     1.30  
   8     0.0000363913      -0.0000021076  0.14 1.07 0.07 0.00    -152.0971094544     1.28  
   9     0.0000353755      +0.0000004832  0.18 1.85 0.07 0.00    -152.0971089711     2.10  
  10     0.0000168475      +0.0000000321  0.14 1.08 0.07 0.00    -152.0971089391     1.29  
  11     0.0000034016      +0.0000000468  0.14 1.09 0.07 0.00    -152.0971088923     1.30  
  12     0.0000003829      -0.0000000065  0.14 1.06 0.07 0.00    -152.0971088988     1.26  
  13     0.0000000390      -0.0000000012  0.14 1.04 0.07 0.00    -152.0971089000     1.25  
  14     0.0000000164      +0.0000000000  0.14 1.03 0.07 0.00    -152.0971089000     1.24  
  15     0.0000000018      +0.0000000000  0.14 1.03 0.07 0.00    -152.0971088999     1.24  
  16     0.0000000007      -0.0000000000  0.14 1.02 0.02 0.00    -152.0971088999     1.18  
---------------------------------------------------------------------------------------------
FINAL ENERGY: -152.0971088999 a.u.
CENTER OF MASS: {0.003473, -0.001143, 1.497464} ANGS
DIPOLE MOMENT: {0.139840, -0.011254, 3.037501} (|D| = 3.040739) DEBYE
Writing out molden info

Running Mulliken population analysis...


  Active Space Parameters
--------------------------------------------
Number of closed orbitals:               2
Number of active orbitals:               9
Number of virtual orbitals:            280
Number of molecular orbitals:          291
Number of basis functions:             350
Number of active electrons:             16
Number of alpha electrons:               8
Number of beta electrons:                8

  Orbital      Energy  
-----------------------
      1      -20.605120
      2      -20.546551
      3       -1.379213
      4       -1.319670
      5       -0.742007
      6       -0.692626
      7       -0.611666
      8       -0.552600
      9       -0.529975
     10       -0.477260
     11        0.008571
     12        0.022467
     13        0.022779

  CAS Parameters
--------------------------------------------
Number of determinants:                 81
Number of singlet CSFs:                  0
Number of doublet CSFs:                  0
Number of triplet CSFs:                  0
Number of quartet CSFs:                  0
Number of quintet CSFs:                  0
Number of sextet CSFs:                   0
Number of septet CSFs:                   0
Number of singlet states:                0
Number of doublet states:                0
Number of triplet states:                0
Number of quartet states:                0
Number of quintet states:                0
Number of sextet states:                 0
Number of septet states:                 0

Entering MyAugerCode!!!!
/***** FINISHED INTEGRALS BETWEEN OCCUPIED ORBITALS ******/
Number of frozen virtual orbitals: 50.
Computing 2e MOints up to virtual orbital 241.
Computing 2e MOints for virtual orbital 11.
Computing 2e MOints for virtual orbital 12.
Computing 2e MOints for virtual orbital 13.
Computing 2e MOints for virtual orbital 14.
Computing 2e MOints for virtual orbital 15.
Computing 2e MOints for virtual orbital 16.
Computing 2e MOints for virtual orbital 17.
Computing 2e MOints for virtual orbital 18.
Computing 2e MOints for virtual orbital 19.
Computing 2e MOints for virtual orbital 20.
Computing 2e MOints for virtual orbital 21.
Computing 2e MOints for virtual orbital 22.
Computing 2e MOints for virtual orbital 23.
Computing 2e MOints for virtual orbital 24.
Computing 2e MOints for virtual orbital 25.
Computing 2e MOints for virtual orbital 26.
Computing 2e MOints for virtual orbital 27.
Computing 2e MOints for virtual orbital 28.
Computing 2e MOints for virtual orbital 29.
Computing 2e MOints for virtual orbital 30.
Computing 2e MOints for virtual orbital 31.
Computing 2e MOints for virtual orbital 32.
Computing 2e MOints for virtual orbital 33.
Computing 2e MOints for virtual orbital 34.
Computing 2e MOints for virtual orbital 35.
Computing 2e MOints for virtual orbital 36.
Computing 2e MOints for virtual orbital 37.
Computing 2e MOints for virtual orbital 38.
Computing 2e MOints for virtual orbital 39.
Computing 2e MOints for virtual orbital 40.
Computing 2e MOints for virtual orbital 41.
Computing 2e MOints for virtual orbital 42.
Computing 2e MOints for virtual orbital 43.
Computing 2e MOints for virtual orbital 44.
Computing 2e MOints for virtual orbital 45.
Computing 2e MOints for virtual orbital 46.
Computing 2e MOints for virtual orbital 47.
Computing 2e MOints for virtual orbital 48.
Computing 2e MOints for virtual orbital 49.
Computing 2e MOints for virtual orbital 50.
Computing 2e MOints for virtual orbital 51.
Computing 2e MOints for virtual orbital 52.
Computing 2e MOints for virtual orbital 53.
Computing 2e MOints for virtual orbital 54.
Computing 2e MOints for virtual orbital 55.
Computing 2e MOints for virtual orbital 56.
Computing 2e MOints for virtual orbital 57.
Computing 2e MOints for virtual orbital 58.
Computing 2e MOints for virtual orbital 59.
Computing 2e MOints for virtual orbital 60.
Computing 2e MOints for virtual orbital 61.
Computing 2e MOints for virtual orbital 62.
Computing 2e MOints for virtual orbital 63.
Computing 2e MOints for virtual orbital 64.
Computing 2e MOints for virtual orbital 65.
Computing 2e MOints for virtual orbital 66.
Computing 2e MOints for virtual orbital 67.
Computing 2e MOints for virtual orbital 68.
Computing 2e MOints for virtual orbital 69.
Computing 2e MOints for virtual orbital 70.
Computing 2e MOints for virtual orbital 71.
Computing 2e MOints for virtual orbital 72.
Computing 2e MOints for virtual orbital 73.
Computing 2e MOints for virtual orbital 74.
Computing 2e MOints for virtual orbital 75.
Computing 2e MOints for virtual orbital 76.
Computing 2e MOints for virtual orbital 77.
Computing 2e MOints for virtual orbital 78.
Computing 2e MOints for virtual orbital 79.
Computing 2e MOints for virtual orbital 80.
Computing 2e MOints for virtual orbital 81.
Computing 2e MOints for virtual orbital 82.
Computing 2e MOints for virtual orbital 83.
Computing 2e MOints for virtual orbital 84.
Computing 2e MOints for virtual orbital 85.
Computing 2e MOints for virtual orbital 86.
Computing 2e MOints for virtual orbital 87.
Computing 2e MOints for virtual orbital 88.
Computing 2e MOints for virtual orbital 89.
Computing 2e MOints for virtual orbital 90.
Computing 2e MOints for virtual orbital 91.
Computing 2e MOints for virtual orbital 92.
Computing 2e MOints for virtual orbital 93.
Computing 2e MOints for virtual orbital 94.
Computing 2e MOints for virtual orbital 95.
Computing 2e MOints for virtual orbital 96.
Computing 2e MOints for virtual orbital 97.
Computing 2e MOints for virtual orbital 98.
Computing 2e MOints for virtual orbital 99.
Computing 2e MOints for virtual orbital 100.
Computing 2e MOints for virtual orbital 101.
Computing 2e MOints for virtual orbital 102.
Computing 2e MOints for virtual orbital 103.
Computing 2e MOints for virtual orbital 104.
Computing 2e MOints for virtual orbital 105.
Computing 2e MOints for virtual orbital 106.
Computing 2e MOints for virtual orbital 107.
Computing 2e MOints for virtual orbital 108.
Computing 2e MOints for virtual orbital 109.
Computing 2e MOints for virtual orbital 110.
Computing 2e MOints for virtual orbital 111.
Computing 2e MOints for virtual orbital 112.
Computing 2e MOints for virtual orbital 113.
Computing 2e MOints for virtual orbital 114.
Computing 2e MOints for virtual orbital 115.
Computing 2e MOints for virtual orbital 116.
Computing 2e MOints for virtual orbital 117.
Computing 2e MOints for virtual orbital 118.
Computing 2e MOints for virtual orbital 119.
Computing 2e MOints for virtual orbital 120.
Computing 2e MOints for virtual orbital 121.
Computing 2e MOints for virtual orbital 122.
Computing 2e MOints for virtual orbital 123.
Computing 2e MOints for virtual orbital 124.
Computing 2e MOints for virtual orbital 125.
Computing 2e MOints for virtual orbital 126.
Computing 2e MOints for virtual orbital 127.
Computing 2e MOints for virtual orbital 128.
Computing 2e MOints for virtual orbital 129.
Computing 2e MOints for virtual orbital 130.
Computing 2e MOints for virtual orbital 131.
Computing 2e MOints for virtual orbital 132.
Computing 2e MOints for virtual orbital 133.
Computing 2e MOints for virtual orbital 134.
Computing 2e MOints for virtual orbital 135.
Computing 2e MOints for virtual orbital 136.
Computing 2e MOints for virtual orbital 137.
Computing 2e MOints for virtual orbital 138.
Computing 2e MOints for virtual orbital 139.
Computing 2e MOints for virtual orbital 140.
Computing 2e MOints for virtual orbital 141.
Computing 2e MOints for virtual orbital 142.
Computing 2e MOints for virtual orbital 143.
Computing 2e MOints for virtual orbital 144.
Computing 2e MOints for virtual orbital 145.
Computing 2e MOints for virtual orbital 146.
Computing 2e MOints for virtual orbital 147.
Computing 2e MOints for virtual orbital 148.
Computing 2e MOints for virtual orbital 149.
Computing 2e MOints for virtual orbital 150.
Computing 2e MOints for virtual orbital 151.
Computing 2e MOints for virtual orbital 152.
Computing 2e MOints for virtual orbital 153.
Computing 2e MOints for virtual orbital 154.
Computing 2e MOints for virtual orbital 155.
Computing 2e MOints for virtual orbital 156.
Computing 2e MOints for virtual orbital 157.
Computing 2e MOints for virtual orbital 158.
Computing 2e MOints for virtual orbital 159.
Computing 2e MOints for virtual orbital 160.
Computing 2e MOints for virtual orbital 161.
Computing 2e MOints for virtual orbital 162.
Computing 2e MOints for virtual orbital 163.
Computing 2e MOints for virtual orbital 164.
Computing 2e MOints for virtual orbital 165.
Computing 2e MOints for virtual orbital 166.
Computing 2e MOints for virtual orbital 167.
Computing 2e MOints for virtual orbital 168.
Computing 2e MOints for virtual orbital 169.
Computing 2e MOints for virtual orbital 170.
Computing 2e MOints for virtual orbital 171.
Computing 2e MOints for virtual orbital 172.
Computing 2e MOints for virtual orbital 173.
Computing 2e MOints for virtual orbital 174.
Computing 2e MOints for virtual orbital 175.
Computing 2e MOints for virtual orbital 176.
Computing 2e MOints for virtual orbital 177.
Computing 2e MOints for virtual orbital 178.
Computing 2e MOints for virtual orbital 179.
Computing 2e MOints for virtual orbital 180.
Computing 2e MOints for virtual orbital 181.
Computing 2e MOints for virtual orbital 182.
Computing 2e MOints for virtual orbital 183.
Computing 2e MOints for virtual orbital 184.
Computing 2e MOints for virtual orbital 185.
Computing 2e MOints for virtual orbital 186.
Computing 2e MOints for virtual orbital 187.
Computing 2e MOints for virtual orbital 188.
Computing 2e MOints for virtual orbital 189.
Computing 2e MOints for virtual orbital 190.
Computing 2e MOints for virtual orbital 191.
Computing 2e MOints for virtual orbital 192.
Computing 2e MOints for virtual orbital 193.
Computing 2e MOints for virtual orbital 194.
Computing 2e MOints for virtual orbital 195.
Computing 2e MOints for virtual orbital 196.
Computing 2e MOints for virtual orbital 197.
Computing 2e MOints for virtual orbital 198.
Computing 2e MOints for virtual orbital 199.
Computing 2e MOints for virtual orbital 200.
Computing 2e MOints for virtual orbital 201.
Computing 2e MOints for virtual orbital 202.
Computing 2e MOints for virtual orbital 203.
Computing 2e MOints for virtual orbital 204.
Computing 2e MOints for virtual orbital 205.
Computing 2e MOints for virtual orbital 206.
Computing 2e MOints for virtual orbital 207.
Computing 2e MOints for virtual orbital 208.
Computing 2e MOints for virtual orbital 209.
Computing 2e MOints for virtual orbital 210.
Computing 2e MOints for virtual orbital 211.
Computing 2e MOints for virtual orbital 212.
Computing 2e MOints for virtual orbital 213.
Computing 2e MOints for virtual orbital 214.
Computing 2e MOints for virtual orbital 215.
Computing 2e MOints for virtual orbital 216.
Computing 2e MOints for virtual orbital 217.
Computing 2e MOints for virtual orbital 218.
Computing 2e MOints for virtual orbital 219.
Computing 2e MOints for virtual orbital 220.
Computing 2e MOints for virtual orbital 221.
Computing 2e MOints for virtual orbital 222.
Computing 2e MOints for virtual orbital 223.
Computing 2e MOints for virtual orbital 224.
Computing 2e MOints for virtual orbital 225.
Computing 2e MOints for virtual orbital 226.
Computing 2e MOints for virtual orbital 227.
Computing 2e MOints for virtual orbital 228.
Computing 2e MOints for virtual orbital 229.
Computing 2e MOints for virtual orbital 230.
Computing 2e MOints for virtual orbital 231.
Computing 2e MOints for virtual orbital 232.
Computing 2e MOints for virtual orbital 233.
Computing 2e MOints for virtual orbital 234.
Computing 2e MOints for virtual orbital 235.
Computing 2e MOints for virtual orbital 236.
Computing 2e MOints for virtual orbital 237.
Computing 2e MOints for virtual orbital 238.
Computing 2e MOints for virtual orbital 239.
Computing 2e MOints for virtual orbital 240.
Computing 2e MOints for virtual orbital 241.
Printing MO integrals between occupied orbitals.

OEI transform elapsed time = 0.00004 s
TEI transform elapsed time = 534.89969 s

Succesfully build integrals. Exiting CASCI...

Frozen core operator:      Tot:     0.00s    J:     0.00s    K:     0.00s
Two electron integrals:    Tot:   534.90s    J:   479.23s


Total CASCI Time
----------------------------
 Total Time:     534.98 sec
----------------------------

Total processing time: 558.86 sec 

 Job finished: Thu Aug 30 11:57:35 2018

